<?xml version="1.0" encoding="UTF-8"?>
<testsuite name="saw.BankTest" tests="4" skipped="0" failures="0" errors="0" timestamp="2016-07-10T11:26:01" hostname="y700" time="0.005">
  <properties/>
  <testcase name="clientExists" classname="saw.BankTest" time="0.002"/>
  <testcase name="checkProfileVariable" classname="saw.BankTest" time="0.001"/>
  <testcase name="checkClient" classname="saw.BankTest" time="0.001"/>
  <testcase name="checkBankClient" classname="saw.BankTest" time="0.001"/>
  <system-out><![CDATA[I'm bank client. I would like to take credit.ING: I'm bank client. I would like to take credit.]]></system-out>
  <system-err><![CDATA[Jul 10, 2016 1:26:01 PM org.springframework.test.context.support.DefaultTestContextBootstrapper getDefaultTestExecutionListenerClassNames
INFO: Loaded default TestExecutionListener class names from location [META-INF/spring.factories]: [org.springframework.test.context.web.ServletTestExecutionListener, org.springframework.test.context.support.DirtiesContextBeforeModesTestExecutionListener, org.springframework.test.context.support.DependencyInjectionTestExecutionListener, org.springframework.test.context.support.DirtiesContextTestExecutionListener, org.springframework.test.context.transaction.TransactionalTestExecutionListener, org.springframework.test.context.jdbc.SqlScriptsTestExecutionListener]
Jul 10, 2016 1:26:01 PM org.springframework.test.context.support.DefaultTestContextBootstrapper instantiateListeners
INFO: Could not instantiate TestExecutionListener [org.springframework.test.context.jdbc.SqlScriptsTestExecutionListener]. Specify custom listener classes or make the default listener classes (and their required dependencies) available. Offending class: [org/springframework/transaction/interceptor/TransactionAttribute]
Jul 10, 2016 1:26:01 PM org.springframework.test.context.support.DefaultTestContextBootstrapper instantiateListeners
INFO: Could not instantiate TestExecutionListener [org.springframework.test.context.transaction.TransactionalTestExecutionListener]. Specify custom listener classes or make the default listener classes (and their required dependencies) available. Offending class: [org/springframework/transaction/TransactionDefinition]
Jul 10, 2016 1:26:01 PM org.springframework.test.context.support.DefaultTestContextBootstrapper instantiateListeners
INFO: Could not instantiate TestExecutionListener [org.springframework.test.context.web.ServletTestExecutionListener]. Specify custom listener classes or make the default listener classes (and their required dependencies) available. Offending class: [javax/servlet/ServletContext]
Jul 10, 2016 1:26:01 PM org.springframework.test.context.support.DefaultTestContextBootstrapper getTestExecutionListeners
INFO: Using TestExecutionListeners: [org.springframework.test.context.support.DirtiesContextBeforeModesTestExecutionListener@3ba1ae92, org.springframework.test.context.support.DependencyInjectionTestExecutionListener@308fd21, org.springframework.test.context.support.DirtiesContextTestExecutionListener@34cf0eaf]
Jul 10, 2016 1:26:01 PM org.springframework.context.support.GenericApplicationContext prepareRefresh
INFO: Refreshing org.springframework.context.support.GenericApplicationContext@7b5f9934: startup date [Sun Jul 10 13:26:01 CEST 2016]; root of context hierarchy
]]></system-err>
</testsuite>
